#ponce_categoryCount:Monde germanique,6.0
#ponce_categoryCount:Christianisme,27.0
#ponce_categoryCount:Économie,137.0
#ponce_categoryCount:Catholicisme,3.0
#ponce_categoryCount:Science-fiction,11.0
#ponce_categoryCount:Physique,52.0
#ponce_categoryCount:Moyen-Orient,68.0
#ponce_categoryCount:Belgique,9.0
#ponce_categoryCount:Histoire militaire,130.0
#ponce_categoryCount:Informatique,196.0
#ponce_categoryCount:Philosophie,73.0
#ponce_categoryCount:Pays du monde,11.0
#ponce_categoryCount:Rome antique,3.0
#ponce_categoryCount:sociologie,12.0
#ponce_categoryCount:Cinéma,87.0
#ponce_categoryCount:Politique,218.0
#ponce_categoryCount:Sociologie,36.0
#ponce_categoryCount:Énergie,19.0
#ponce_categoryCount:Islam,1.0
#ponce_categoryCount:Sport,144.0
#ponce_categoryCount:France,560.0
#ponce_categoryCount:Médecine,352.0
#ponce_categoryCount:Nucléaire,1.0
#ponce_categoryCount:Relations internationales,38.0
#ponce_categoryCount:Politique française,163.0
#ponce_categoryCount:Maritime,27.0
#ponce_categoryCount:Monarchie,8.0
#ponce_categoryCount:Littérature,66.0
#ponce_categoryCount:Droit,476.0
#ponce_categoryCount:Musique,210.0
#ponce_categoryCount:Communes de France,13.0
#ponce_categoryCount:Seconde Guerre mondiale,34.0
#ponce_categoryCount:Communisme,26.0
#ponce_categoryCount:Afrique,14.0
#ponce_categoryCount:Altermondialisme,42.0
#ponce_categoryCount:Géographie,11.0
#ponce_categoryCount:Royaume de France,6.0
#ponce_categoryCount:Astronomie,14.0
#ponce_categoryCount:Bretagne,3.0
#ponce_categoryCount:Musique classique,7.0
#ponce_categoryCount:États-Unis,75.0
#ponce_categoryCount:Langues,133.0
#ponce_categoryCount:Union européenne,10.0
#ponce_categoryCount:Religion,2.0
#ponce_categoryCount:Psychologie,118.0
#ponce_categoryCount:Histoire,149.0
#ponce_categoryCount:Mathématiques,34.0
