#antoinedaniellive_categoryCount:Histoire des sciences,2.0
#antoinedaniellive_categoryCount:Histoire,25.0
#antoinedaniellive_categoryCount:Mathématiques,3.0
#antoinedaniellive_categoryCount:sociologie,5.0
#antoinedaniellive_categoryCount:Politique,27.0
#antoinedaniellive_categoryCount:Communes de France,2.0
#antoinedaniellive_categoryCount:Afrique,1.0
#antoinedaniellive_categoryCount:Politique française,14.0
#antoinedaniellive_categoryCount:Science-fiction,1.0
#antoinedaniellive_categoryCount:Religion,3.0
#antoinedaniellive_categoryCount:Royaume de France,1.0
#antoinedaniellive_categoryCount:Relations internationales,16.0
#antoinedaniellive_categoryCount:Moyen-Orient,4.0
#antoinedaniellive_categoryCount:Énergie,2.0
#antoinedaniellive_categoryCount:Sport,16.0
#antoinedaniellive_categoryCount:Christianisme,5.0
#antoinedaniellive_categoryCount:Langues,5.0
#antoinedaniellive_categoryCount:Médecine,97.0
#antoinedaniellive_categoryCount:Cinéma,12.0
#antoinedaniellive_categoryCount:Belgique,2.0
#antoinedaniellive_categoryCount:Littérature,13.0
#antoinedaniellive_categoryCount:États-Unis,15.0
#antoinedaniellive_categoryCount:Seconde Guerre mondiale,1.0
#antoinedaniellive_categoryCount:France,67.0
#antoinedaniellive_categoryCount:Histoire militaire,17.0
#antoinedaniellive_categoryCount:Pays du monde,3.0
#antoinedaniellive_categoryCount:Informatique,61.0
#antoinedaniellive_categoryCount:Philosophie,10.0
#antoinedaniellive_categoryCount:Sociologie,10.0
#antoinedaniellive_categoryCount:Altermondialisme,2.0
#antoinedaniellive_categoryCount:Droit,41.0
#antoinedaniellive_categoryCount:Musique,44.0
#antoinedaniellive_categoryCount:Communisme,4.0
#antoinedaniellive_categoryCount:Monde germanique,1.0
#antoinedaniellive_categoryCount:Physique,12.0
#antoinedaniellive_categoryCount:Monarchie,1.0
#antoinedaniellive_categoryCount:LGBT,1.0
#antoinedaniellive_categoryCount:Astronomie,3.0
#antoinedaniellive_categoryCount:Psychologie,21.0
#antoinedaniellive_categoryCount:Économie,8.0
#antoinedaniellive_categoryCount:Musique classique,1.0
