#mlle_sunny_categoryCount:Rome antique,1.0
#mlle_sunny_categoryCount:Christianisme,19.0
#mlle_sunny_categoryCount:Monarchie,9.0
#mlle_sunny_categoryCount:Politique,64.0
#mlle_sunny_categoryCount:Astronomie,3.0
#mlle_sunny_categoryCount:Religion,8.0
#mlle_sunny_categoryCount:Sport,3.0
#mlle_sunny_categoryCount:Politique française,80.0
#mlle_sunny_categoryCount:Royaume de France,8.0
#mlle_sunny_categoryCount:LGBT,19.0
#mlle_sunny_categoryCount:États-Unis,27.0
#mlle_sunny_categoryCount:Musique classique,4.0
#mlle_sunny_categoryCount:Langues,21.0
#mlle_sunny_categoryCount:Bible,7.0
#mlle_sunny_categoryCount:France,176.0
#mlle_sunny_categoryCount:Altermondialisme,5.0
#mlle_sunny_categoryCount:Relations internationales,2.0
#mlle_sunny_categoryCount:Énergie,2.0
#mlle_sunny_categoryCount:Philosophie,55.0
#mlle_sunny_categoryCount:Communes de France,2.0
#mlle_sunny_categoryCount:Communisme,17.0
#mlle_sunny_categoryCount:Moyen-Orient,1.0
#mlle_sunny_categoryCount:Informatique,22.0
#mlle_sunny_categoryCount:Histoire des sciences,3.0
#mlle_sunny_categoryCount:Islam,5.0
#mlle_sunny_categoryCount:Droit,61.0
#mlle_sunny_categoryCount:Mathématiques,10.0
#mlle_sunny_categoryCount:Médecine,85.0
#mlle_sunny_categoryCount:Nucléaire,1.0
#mlle_sunny_categoryCount:Cinéma,55.0
#mlle_sunny_categoryCount:Maritime,4.0
#mlle_sunny_categoryCount:Psychologie,45.0
#mlle_sunny_categoryCount:sociologie,14.0
#mlle_sunny_categoryCount:Seconde Guerre mondiale,8.0
#mlle_sunny_categoryCount:Économie,15.0
#mlle_sunny_categoryCount:Science-fiction,24.0
#mlle_sunny_categoryCount:Catholicisme,2.0
#mlle_sunny_categoryCount:Union européenne,2.0
#mlle_sunny_categoryCount:Musique,45.0
#mlle_sunny_categoryCount:Sociologie,48.0
#mlle_sunny_categoryCount:Histoire,45.0
#mlle_sunny_categoryCount:Histoire militaire,23.0
#mlle_sunny_categoryCount:Littérature,135.0
#mlle_sunny_categoryCount:Physique,15.0
#mlle_sunny_categoryCount:Afrique,1.0
#mlle_sunny_categoryCount:Monde germanique,5.0
