#planetariumvaulxenvelin_categoryCount:Psychologie,1.0
#planetariumvaulxenvelin_categoryCount:Moyen-Orient,2.0
#planetariumvaulxenvelin_categoryCount:Musique,1.0
#planetariumvaulxenvelin_categoryCount:sociologie,1.0
#planetariumvaulxenvelin_categoryCount:Économie,8.0
#planetariumvaulxenvelin_categoryCount:Cinéma,2.0
#planetariumvaulxenvelin_categoryCount:Géographie,1.0
#planetariumvaulxenvelin_categoryCount:Énergie,1.0
#planetariumvaulxenvelin_categoryCount:Relations internationales,1.0
#planetariumvaulxenvelin_categoryCount:Christianisme,4.0
#planetariumvaulxenvelin_categoryCount:Religion,1.0
#planetariumvaulxenvelin_categoryCount:Bible,1.0
#planetariumvaulxenvelin_categoryCount:Altermondialisme,1.0
#planetariumvaulxenvelin_categoryCount:Droit,6.0
#planetariumvaulxenvelin_categoryCount:Langues,2.0
#planetariumvaulxenvelin_categoryCount:Sociologie,1.0
#planetariumvaulxenvelin_categoryCount:France,4.0
#planetariumvaulxenvelin_categoryCount:Politique,1.0
#planetariumvaulxenvelin_categoryCount:États-Unis,7.0
#planetariumvaulxenvelin_categoryCount:Sport,4.0
#planetariumvaulxenvelin_categoryCount:Informatique,5.0
#planetariumvaulxenvelin_categoryCount:Philosophie,1.0
#planetariumvaulxenvelin_categoryCount:Histoire,1.0
#planetariumvaulxenvelin_categoryCount:Médecine,6.0
#planetariumvaulxenvelin_categoryCount:Politique française,2.0
#planetariumvaulxenvelin_categoryCount:Astronomie,21.0
#planetariumvaulxenvelin_categoryCount:Physique,8.0
