#bfmtv_categoryCount:Monarchie,2.0
#bfmtv_categoryCount:Sport,41.0
#bfmtv_categoryCount:Royaume de France,15.0
#bfmtv_categoryCount:Musique classique,5.0
#bfmtv_categoryCount:France,193.0
#bfmtv_categoryCount:Communisme,4.0
#bfmtv_categoryCount:Langues,22.0
#bfmtv_categoryCount:Religion,12.0
#bfmtv_categoryCount:Maritime,8.0
#bfmtv_categoryCount:Pays du monde,11.0
#bfmtv_categoryCount:LGBT,7.0
#bfmtv_categoryCount:Bretagne,8.0
#bfmtv_categoryCount:Mathématiques,5.0
#bfmtv_categoryCount:Monde germanique,1.0
#bfmtv_categoryCount:Politique française,71.0
#bfmtv_categoryCount:sociologie,3.0
#bfmtv_categoryCount:Médecine,63.0
#bfmtv_categoryCount:Islam,13.0
#bfmtv_categoryCount:Relations internationales,8.0
#bfmtv_categoryCount:Littérature,12.0
#bfmtv_categoryCount:Astronomie,3.0
#bfmtv_categoryCount:Nucléaire,5.0
#bfmtv_categoryCount:Psychologie,16.0
#bfmtv_categoryCount:États-Unis,19.0
#bfmtv_categoryCount:Christianisme,6.0
#bfmtv_categoryCount:Économie,16.0
#bfmtv_categoryCount:Moyen-Orient,25.0
#bfmtv_categoryCount:Histoire militaire,22.0
#bfmtv_categoryCount:Cinéma,21.0
#bfmtv_categoryCount:Belgique,2.0
#bfmtv_categoryCount:Géographie,5.0
#bfmtv_categoryCount:Énergie,2.0
#bfmtv_categoryCount:Afrique,5.0
#bfmtv_categoryCount:Sociologie,13.0
#bfmtv_categoryCount:Politique,79.0
#bfmtv_categoryCount:Droit,68.0
#bfmtv_categoryCount:Communes de France,5.0
#bfmtv_categoryCount:Histoire,53.0
#bfmtv_categoryCount:Science-fiction,7.0
#bfmtv_categoryCount:Informatique,56.0
#bfmtv_categoryCount:Physique,25.0
#bfmtv_categoryCount:Altermondialisme,12.0
#bfmtv_categoryCount:Seconde Guerre mondiale,8.0
#bfmtv_categoryCount:Philosophie,16.0
#bfmtv_categoryCount:Musique,26.0
#bfmtv_categoryCount:Union européenne,4.0
